<?xml version="1.0" encoding="UTF-8"?>
<testng-results skipped="0" failed="1" ignored="0" total="1" passed="0">
  <reporter-output>
  </reporter-output>
  <suite name="Default suite" duration-ms="5142" started-at="2020-10-23T16:13:02 IST" finished-at="2020-10-23T16:13:07 IST">
    <groups>
    </groups>
    <test name="Default test" duration-ms="5142" started-at="2020-10-23T16:13:02 IST" finished-at="2020-10-23T16:13:07 IST">
      <class name="test.BookingTest">
        <test-method status="FAIL" signature="flightBookingTest()[pri:0, instance:test.BookingTest@5bb21b69]" name="flightBookingTest" duration-ms="5056" started-at="2020-10-23T16:13:02 IST" finished-at="2020-10-23T16:13:07 IST">
          <exception class="org.openqa.selenium.SessionNotCreatedException">
            <message>
              <![CDATA[session not created: This version of ChromeDriver only supports Chrome version 84
Build info: version: '3.141.59', revision: 'e82be7d358', time: '2018-11-14T08:25:48'
System info: host: 'PRASHANT-LAPTOP', ip: '192.168.1.17', os.name: 'Windows 10', os.arch: 'amd64', os.version: '10.0', java.version: '1.8.0_221'
Driver info: driver.version: ChromeDriver
remote stacktrace: Backtrace:
Ordinal0 [0x00D287E3+2852835]
Ordinal0 [0x00C15BB1+1727409]
Ordinal0 [0x00AEE4B9+517305]
Ordinal0 [0x00A80BA0+68512]
Ordinal0 [0x00A7D3A0+54176]
Ordinal0 [0x00A9D9F7+186871]
Ordinal0 [0x00A9D7FD+186365]
Ordinal0 [0x00A9B70B+177931]
Ordinal0 [0x00A82584+75140]
Ordinal0 [0x00A83650+79440]
Ordinal0 [0x00A835E9+79337]
Ordinal0 [0x00C2AD5C+1813852]
GetHandleVerifier [0x00E4C616+1075574]
GetHandleVerifier [0x00E4C367+1074887]
GetHandleVerifier [0x00E57497+1120247]
GetHandleVerifier [0x00E4CC16+1077110]
Ordinal0 [0x00C23206+1782278]
Ordinal0 [0x00C2C3BB+1819579]
Ordinal0 [0x00C2C523+1819939]
Ordinal0 [0x00C42B45+1911621]
BaseThreadInitThunk [0x75EBFA29+25]
RtlGetAppContainerNamedObjectPath [0x775E75F4+228]
RtlGetAppContainerNamedObjectPath [0x775E75C4+180]
]]>
            </message>
            <full-stacktrace>
              <![CDATA[org.openqa.selenium.SessionNotCreatedException: session not created: This version of ChromeDriver only supports Chrome version 84
Build info: version: '3.141.59', revision: 'e82be7d358', time: '2018-11-14T08:25:48'
System info: host: 'PRASHANT-LAPTOP', ip: '192.168.1.17', os.name: 'Windows 10', os.arch: 'amd64', os.version: '10.0', java.version: '1.8.0_221'
Driver info: driver.version: ChromeDriver
remote stacktrace: Backtrace:
Ordinal0 [0x00D287E3+2852835]
Ordinal0 [0x00C15BB1+1727409]
Ordinal0 [0x00AEE4B9+517305]
Ordinal0 [0x00A80BA0+68512]
Ordinal0 [0x00A7D3A0+54176]
Ordinal0 [0x00A9D9F7+186871]
Ordinal0 [0x00A9D7FD+186365]
Ordinal0 [0x00A9B70B+177931]
Ordinal0 [0x00A82584+75140]
Ordinal0 [0x00A83650+79440]
Ordinal0 [0x00A835E9+79337]
Ordinal0 [0x00C2AD5C+1813852]
GetHandleVerifier [0x00E4C616+1075574]
GetHandleVerifier [0x00E4C367+1074887]
GetHandleVerifier [0x00E57497+1120247]
GetHandleVerifier [0x00E4CC16+1077110]
Ordinal0 [0x00C23206+1782278]
Ordinal0 [0x00C2C3BB+1819579]
Ordinal0 [0x00C2C523+1819939]
Ordinal0 [0x00C42B45+1911621]
BaseThreadInitThunk [0x75EBFA29+25]
RtlGetAppContainerNamedObjectPath [0x775E75F4+228]
RtlGetAppContainerNamedObjectPath [0x775E75C4+180]

at sun.reflect.NativeConstructorAccessorImpl.newInstance0(Native Method)
at sun.reflect.NativeConstructorAccessorImpl.newInstance(Unknown Source)
at sun.reflect.DelegatingConstructorAccessorImpl.newInstance(Unknown Source)
at java.lang.reflect.Constructor.newInstance(Unknown Source)
at org.openqa.selenium.remote.W3CHandshakeResponse.lambda$errorHandler$0(W3CHandshakeResponse.java:62)
at org.openqa.selenium.remote.HandshakeResponse.lambda$getResponseFunction$0(HandshakeResponse.java:30)
at org.openqa.selenium.remote.ProtocolHandshake.lambda$createSession$0(ProtocolHandshake.java:126)
at java.util.stream.ReferencePipeline$3$1.accept(Unknown Source)
at java.util.Spliterators$ArraySpliterator.tryAdvance(Unknown Source)
at java.util.stream.ReferencePipeline.forEachWithCancel(Unknown Source)
at java.util.stream.AbstractPipeline.copyIntoWithCancel(Unknown Source)
at java.util.stream.AbstractPipeline.copyInto(Unknown Source)
at java.util.stream.AbstractPipeline.wrapAndCopyInto(Unknown Source)
at java.util.stream.FindOps$FindOp.evaluateSequential(Unknown Source)
at java.util.stream.AbstractPipeline.evaluate(Unknown Source)
at java.util.stream.ReferencePipeline.findFirst(Unknown Source)
at org.openqa.selenium.remote.ProtocolHandshake.createSession(ProtocolHandshake.java:128)
at org.openqa.selenium.remote.ProtocolHandshake.createSession(ProtocolHandshake.java:74)
at org.openqa.selenium.remote.HttpCommandExecutor.execute(HttpCommandExecutor.java:136)
at org.openqa.selenium.remote.service.DriverCommandExecutor.execute(DriverCommandExecutor.java:83)
at org.openqa.selenium.remote.RemoteWebDriver.execute(RemoteWebDriver.java:552)
at org.openqa.selenium.remote.RemoteWebDriver.startSession(RemoteWebDriver.java:213)
at org.openqa.selenium.remote.RemoteWebDriver.<init>(RemoteWebDriver.java:131)
at org.openqa.selenium.chrome.ChromeDriver.<init>(ChromeDriver.java:181)
at org.openqa.selenium.chrome.ChromeDriver.<init>(ChromeDriver.java:168)
at org.openqa.selenium.chrome.ChromeDriver.<init>(ChromeDriver.java:123)
at generic.BrowserFactory.launchbrowser(BrowserFactory.java:33)
at test.BookingTest.flightBookingTest(BookingTest.java:14)
at sun.reflect.NativeMethodAccessorImpl.invoke0(Native Method)
at sun.reflect.NativeMethodAccessorImpl.invoke(Unknown Source)
at sun.reflect.DelegatingMethodAccessorImpl.invoke(Unknown Source)
at java.lang.reflect.Method.invoke(Unknown Source)
at org.testng.internal.MethodInvocationHelper.invokeMethod(MethodInvocationHelper.java:132)
at org.testng.internal.TestInvoker.invokeMethod(TestInvoker.java:599)
at org.testng.internal.TestInvoker.invokeTestMethod(TestInvoker.java:174)
at org.testng.internal.MethodRunner.runInSequence(MethodRunner.java:46)
at org.testng.internal.TestInvoker$MethodInvocationAgent.invoke(TestInvoker.java:822)
at org.testng.internal.TestInvoker.invokeTestMethods(TestInvoker.java:147)
at org.testng.internal.TestMethodWorker.invokeTestMethods(TestMethodWorker.java:146)
at org.testng.internal.TestMethodWorker.run(TestMethodWorker.java:128)
at java.util.ArrayList.forEach(Unknown Source)
at org.testng.TestRunner.privateRun(TestRunner.java:764)
at org.testng.TestRunner.run(TestRunner.java:585)
at org.testng.SuiteRunner.runTest(SuiteRunner.java:384)
at org.testng.SuiteRunner.runSequentially(SuiteRunner.java:378)
at org.testng.SuiteRunner.privateRun(SuiteRunner.java:337)
at org.testng.SuiteRunner.run(SuiteRunner.java:286)
at org.testng.SuiteRunnerWorker.runSuite(SuiteRunnerWorker.java:53)
at org.testng.SuiteRunnerWorker.run(SuiteRunnerWorker.java:96)
at org.testng.TestNG.runSuitesSequentially(TestNG.java:1218)
at org.testng.TestNG.runSuitesLocally(TestNG.java:1140)
at org.testng.TestNG.runSuites(TestNG.java:1069)
at org.testng.TestNG.run(TestNG.java:1037)
at org.testng.remote.AbstractRemoteTestNG.run(AbstractRemoteTestNG.java:115)
at org.testng.remote.RemoteTestNG.initAndRun(RemoteTestNG.java:251)
at org.testng.remote.RemoteTestNG.main(RemoteTestNG.java:77)
]]>
            </full-stacktrace>
          </exception> <!-- org.openqa.selenium.SessionNotCreatedException -->
          <reporter-output>
          </reporter-output>
        </test-method> <!-- flightBookingTest -->
      </class> <!-- test.BookingTest -->
    </test> <!-- Default test -->
  </suite> <!-- Default suite -->
</testng-results>
