<?xml version="1.0" encoding="UTF-8"?>
<!-- Generated by org.testng.reporters.JUnitXMLReporter -->
<testsuite ignored="0" hostname="360NDCLP153" failures="0" tests="3" name="Default test" time="0.388" errors="0" timestamp="2020-10-27T18:58:56 IST">
  <testcase classname="TestNGExercises.DataProviderANDParameter" name="getTitle" time="0.097"/>
  <testcase classname="TestNGExercises.DataProviderANDParameter" name="MainActionValid" time="0.004"/>
  <testcase classname="TestNGExercises.DataProviderANDParameter" name="MainActionValid" time="0.004"/>
</testsuite> <!-- Default test -->
